<?xml version="1.0" encoding="UTF-8"?>
<testng-results ignored="0" total="2" passed="2" failed="0" skipped="0">
  <reporter-output>
  </reporter-output>
  <suite started-at="2021-01-27T13:04:22 GMT" name="Default suite" finished-at="2021-01-27T13:04:42 GMT" duration-ms="20289">
    <groups>
    </groups>
    <test started-at="2021-01-27T13:04:22 GMT" name="Default test" finished-at="2021-01-27T13:04:42 GMT" duration-ms="20289">
      <class name="tests.DunnesHomeTest">
        <test-method is-config="true" signature="InitTestSetup()[pri:0, instance:tests.DunnesHomeTest@609db43b]" started-at="2021-01-27T13:04:22 GMT" name="InitTestSetup" finished-at="2021-01-27T13:04:22 GMT" duration-ms="29" status="PASS">
          <reporter-output>
          </reporter-output>
        </test-method> <!-- InitTestSetup -->
        <test-method is-config="true" signature="CommonTestSetup()[pri:0, instance:tests.DunnesHomeTest@609db43b]" started-at="2021-01-27T13:04:22 GMT" name="CommonTestSetup" finished-at="2021-01-27T13:04:29 GMT" duration-ms="7312" status="PASS">
          <reporter-output>
          </reporter-output>
        </test-method> <!-- CommonTestSetup -->
        <test-method signature="loginApplication()[pri:1, instance:tests.DunnesHomeTest@609db43b]" started-at="2021-01-27T13:04:29 GMT" name="loginApplication" description="Searched for hampton lamp and opened the first result" finished-at="2021-01-27T13:04:32 GMT" duration-ms="3060" status="PASS">
          <reporter-output>
          </reporter-output>
        </test-method> <!-- loginApplication -->
        <test-method is-config="true" signature="closeBrowser()[pri:0, instance:tests.DunnesHomeTest@609db43b]" started-at="2021-01-27T13:04:32 GMT" name="closeBrowser" finished-at="2021-01-27T13:04:32 GMT" duration-ms="88" status="PASS">
          <reporter-output>
          </reporter-output>
        </test-method> <!-- closeBrowser -->
        <test-method is-config="true" signature="CommonTestSetup()[pri:0, instance:tests.DunnesHomeTest@609db43b]" started-at="2021-01-27T13:04:32 GMT" name="CommonTestSetup" finished-at="2021-01-27T13:04:38 GMT" duration-ms="5524" status="PASS">
          <reporter-output>
          </reporter-output>
        </test-method> <!-- CommonTestSetup -->
        <test-method signature="loginApplication2()[pri:2, instance:tests.DunnesHomeTest@609db43b]" started-at="2021-01-27T13:04:38 GMT" name="loginApplication2" description="Went to account page and created an account without filling in email" finished-at="2021-01-27T13:04:42 GMT" duration-ms="4072" status="PASS">
          <reporter-output>
          </reporter-output>
        </test-method> <!-- loginApplication2 -->
        <test-method is-config="true" signature="closeBrowser()[pri:0, instance:tests.DunnesHomeTest@609db43b]" started-at="2021-01-27T13:04:42 GMT" name="closeBrowser" finished-at="2021-01-27T13:04:42 GMT" duration-ms="104" status="PASS">
          <reporter-output>
          </reporter-output>
        </test-method> <!-- closeBrowser -->
      </class> <!-- tests.DunnesHomeTest -->
    </test> <!-- Default test -->
  </suite> <!-- Default suite -->
</testng-results>
