<?xml version="1.0" encoding="UTF-8"?>
<testng-results ignored="0" total="2" passed="2" failed="0" skipped="0">
  <reporter-output>
  </reporter-output>
  <suite started-at="2021-01-27T16:01:33 GMT" name="Default suite" finished-at="2021-01-27T16:01:57 GMT" duration-ms="24222">
    <groups>
    </groups>
    <test started-at="2021-01-27T16:01:33 GMT" name="Default test" finished-at="2021-01-27T16:01:57 GMT" duration-ms="24222">
      <class name="tests.DunnesHomeTest">
        <test-method is-config="true" signature="InitTestSetup()[pri:0, instance:tests.DunnesHomeTest@609db43b]" started-at="2021-01-27T16:01:33 GMT" name="InitTestSetup" finished-at="2021-01-27T16:01:33 GMT" duration-ms="14" status="PASS">
          <reporter-output>
          </reporter-output>
        </test-method> <!-- InitTestSetup -->
        <test-method is-config="true" signature="CommonTestSetup()[pri:0, instance:tests.DunnesHomeTest@609db43b]" started-at="2021-01-27T16:01:33 GMT" name="CommonTestSetup" finished-at="2021-01-27T16:01:40 GMT" duration-ms="6980" status="PASS">
          <reporter-output>
          </reporter-output>
        </test-method> <!-- CommonTestSetup -->
        <test-method signature="loginApplication()[pri:1, instance:tests.DunnesHomeTest@609db43b]" started-at="2021-01-27T16:01:40 GMT" name="loginApplication" description="Searched for hampton lamp and opened the first result" finished-at="2021-01-27T16:01:46 GMT" duration-ms="6226" status="PASS">
          <reporter-output>
          </reporter-output>
        </test-method> <!-- loginApplication -->
        <test-method is-config="true" signature="closeBrowser()[pri:0, instance:tests.DunnesHomeTest@609db43b]" started-at="2021-01-27T16:01:46 GMT" name="closeBrowser" finished-at="2021-01-27T16:01:46 GMT" duration-ms="170" status="PASS">
          <reporter-output>
          </reporter-output>
        </test-method> <!-- closeBrowser -->
        <test-method is-config="true" signature="CommonTestSetup()[pri:0, instance:tests.DunnesHomeTest@609db43b]" started-at="2021-01-27T16:01:46 GMT" name="CommonTestSetup" finished-at="2021-01-27T16:01:52 GMT" duration-ms="5624" status="PASS">
          <reporter-output>
          </reporter-output>
        </test-method> <!-- CommonTestSetup -->
        <test-method signature="loginApplication2()[pri:2, instance:tests.DunnesHomeTest@609db43b]" started-at="2021-01-27T16:01:52 GMT" name="loginApplication2" description="Went to account page and created an account without filling in email" finished-at="2021-01-27T16:01:57 GMT" duration-ms="4974" status="PASS">
          <reporter-output>
          </reporter-output>
        </test-method> <!-- loginApplication2 -->
        <test-method is-config="true" signature="closeBrowser()[pri:0, instance:tests.DunnesHomeTest@609db43b]" started-at="2021-01-27T16:01:57 GMT" name="closeBrowser" finished-at="2021-01-27T16:01:57 GMT" duration-ms="184" status="PASS">
          <reporter-output>
          </reporter-output>
        </test-method> <!-- closeBrowser -->
      </class> <!-- tests.DunnesHomeTest -->
    </test> <!-- Default test -->
  </suite> <!-- Default suite -->
</testng-results>
