<?xml version="1.0" encoding="UTF-8"?>
<testng-results ignored="0" total="2" passed="2" failed="0" skipped="0">
  <reporter-output>
  </reporter-output>
  <suite started-at="2021-01-27T16:47:14 GMT" name="Default suite" finished-at="2021-01-27T16:47:38 GMT" duration-ms="23653">
    <groups>
    </groups>
    <test started-at="2021-01-27T16:47:14 GMT" name="Default test" finished-at="2021-01-27T16:47:38 GMT" duration-ms="23653">
      <class name="tests.DunnesHomeTest">
        <test-method is-config="true" signature="InitTestSetup()[pri:0, instance:tests.DunnesHomeTest@609db43b]" started-at="2021-01-27T16:47:14 GMT" name="InitTestSetup" finished-at="2021-01-27T16:47:14 GMT" duration-ms="21" status="PASS">
          <reporter-output>
          </reporter-output>
        </test-method> <!-- InitTestSetup -->
        <test-method is-config="true" signature="CommonTestSetup()[pri:0, instance:tests.DunnesHomeTest@609db43b]" started-at="2021-01-27T16:47:14 GMT" name="CommonTestSetup" finished-at="2021-01-27T16:47:21 GMT" duration-ms="6831" status="PASS">
          <reporter-output>
          </reporter-output>
        </test-method> <!-- CommonTestSetup -->
        <test-method signature="loginApplication()[pri:1, instance:tests.DunnesHomeTest@609db43b]" started-at="2021-01-27T16:47:21 GMT" name="loginApplication" description="Searched for hampton lamp and opened the first result" finished-at="2021-01-27T16:47:25 GMT" duration-ms="3634" status="PASS">
          <reporter-output>
          </reporter-output>
        </test-method> <!-- loginApplication -->
        <test-method is-config="true" signature="closeBrowser()[pri:0, instance:tests.DunnesHomeTest@609db43b]" started-at="2021-01-27T16:47:25 GMT" name="closeBrowser" finished-at="2021-01-27T16:47:29 GMT" duration-ms="4103" status="PASS">
          <reporter-output>
          </reporter-output>
        </test-method> <!-- closeBrowser -->
        <test-method is-config="true" signature="CommonTestSetup()[pri:0, instance:tests.DunnesHomeTest@609db43b]" started-at="2021-01-27T16:47:29 GMT" name="CommonTestSetup" finished-at="2021-01-27T16:47:34 GMT" duration-ms="5001" status="PASS">
          <reporter-output>
          </reporter-output>
        </test-method> <!-- CommonTestSetup -->
        <test-method signature="loginApplication2()[pri:2, instance:tests.DunnesHomeTest@609db43b]" started-at="2021-01-27T16:47:34 GMT" name="loginApplication2" description="Went to account page and created an account without filling in email" finished-at="2021-01-27T16:47:38 GMT" duration-ms="3903" status="PASS">
          <reporter-output>
          </reporter-output>
        </test-method> <!-- loginApplication2 -->
        <test-method is-config="true" signature="closeBrowser()[pri:0, instance:tests.DunnesHomeTest@609db43b]" started-at="2021-01-27T16:47:38 GMT" name="closeBrowser" finished-at="2021-01-27T16:47:38 GMT" duration-ms="85" status="PASS">
          <reporter-output>
          </reporter-output>
        </test-method> <!-- closeBrowser -->
      </class> <!-- tests.DunnesHomeTest -->
    </test> <!-- Default test -->
  </suite> <!-- Default suite -->
</testng-results>
